<?xml version="1.0" encoding="UTF-8"?>
<!-- Generated by org.testng.reporters.JUnitXMLReporter -->
<testsuite ignored="0" hostname="DESKTOP-2VJHEHT" failures="0" tests="6" name="Default test" time="187.472" errors="0" timestamp="2024-01-13T18:37:19 IST">
  <testcase classname="bestBuy.placeOrdeTestCases" name="testCase01" time="6.091"/>
  <testcase classname="bestBuy.placeOrdeTestCases" name="testCase02" time="20.034"/>
  <testcase classname="bestBuy.placeOrdeTestCases" name="testCase03" time="6.482"/>
  <testcase classname="bestBuy.placeOrdeTestCases" name="testCase04" time="114.743"/>
  <testcase classname="bestBuy.placeOrdeTestCases" name="testCase05" time="11.226"/>
  <testcase classname="bestBuy.placeOrdeTestCases" name="testCase06" time="17.017"/>
</testsuite> <!-- Default test -->
