<?xml version="1.0" encoding="UTF-8"?>
<!-- Generated by org.testng.reporters.JUnitXMLReporter -->
<testsuite ignored="0" hostname="DESKTOP-2VJHEHT" failures="0" tests="6" name="Default test" time="138.463" errors="0" timestamp="2024-01-08T14:04:14 IST">
  <testcase classname="bestBuy.placeOrdeTestCases" name="testCase01" time="6.091"/>
  <testcase classname="bestBuy.placeOrdeTestCases" name="testCase02" time="19.902"/>
  <testcase classname="bestBuy.placeOrdeTestCases" name="testCase03" time="6.041"/>
  <testcase classname="bestBuy.placeOrdeTestCases" name="testCase04" time="74.303"/>
  <testcase classname="bestBuy.placeOrdeTestCases" name="testCase05" time="9.633"/>
  <testcase classname="bestBuy.placeOrdeTestCases" name="testCase06" time="13.068"/>
</testsuite> <!-- Default test -->
