<?xml version="1.0" encoding="UTF-8"?>
<testng-results ignored="0" total="6" passed="6" failed="0" skipped="0">
  <reporter-output>
  </reporter-output>
  <suite started-at="2024-01-13T18:34:12 IST" name="Default suite" finished-at="2024-01-13T18:37:19 IST" duration-ms="187472">
    <groups>
    </groups>
    <test started-at="2024-01-13T18:34:12 IST" name="Default test" finished-at="2024-01-13T18:37:19 IST" duration-ms="187472">
      <class name="bestBuy.placeOrdeTestCases">
        <test-method is-config="true" signature="basicConfig()[pri:0, instance:bestBuy.placeOrdeTestCases@7b98f307]" started-at="2024-01-13T18:34:12 IST" name="basicConfig" finished-at="2024-01-13T18:34:24 IST" duration-ms="11724" status="PASS">
          <reporter-output>
          </reporter-output>
        </test-method> <!-- basicConfig -->
        <test-method signature="testCase01()[pri:0, instance:bestBuy.placeOrdeTestCases@7b98f307]" started-at="2024-01-13T18:34:24 IST" name="testCase01" finished-at="2024-01-13T18:34:30 IST" duration-ms="6091" status="PASS">
          <reporter-output>
          </reporter-output>
        </test-method> <!-- testCase01 -->
        <test-method signature="testCase02()[pri:0, instance:bestBuy.placeOrdeTestCases@7b98f307]" started-at="2024-01-13T18:34:30 IST" name="testCase02" finished-at="2024-01-13T18:34:50 IST" duration-ms="20034" status="PASS">
          <reporter-output>
          </reporter-output>
        </test-method> <!-- testCase02 -->
        <test-method signature="testCase03()[pri:0, instance:bestBuy.placeOrdeTestCases@7b98f307]" started-at="2024-01-13T18:34:50 IST" name="testCase03" finished-at="2024-01-13T18:34:56 IST" duration-ms="6482" status="PASS">
          <reporter-output>
          </reporter-output>
        </test-method> <!-- testCase03 -->
        <test-method signature="testCase04()[pri:0, instance:bestBuy.placeOrdeTestCases@7b98f307]" started-at="2024-01-13T18:34:56 IST" name="testCase04" finished-at="2024-01-13T18:36:51 IST" duration-ms="114743" status="PASS">
          <reporter-output>
          </reporter-output>
        </test-method> <!-- testCase04 -->
        <test-method signature="testCase05()[pri:0, instance:bestBuy.placeOrdeTestCases@7b98f307]" started-at="2024-01-13T18:36:51 IST" name="testCase05" finished-at="2024-01-13T18:37:02 IST" duration-ms="11226" status="PASS">
          <reporter-output>
          </reporter-output>
        </test-method> <!-- testCase05 -->
        <test-method signature="testCase06()[pri:0, instance:bestBuy.placeOrdeTestCases@7b98f307]" started-at="2024-01-13T18:37:02 IST" name="testCase06" finished-at="2024-01-13T18:37:19 IST" duration-ms="17017" status="PASS">
          <reporter-output>
          </reporter-output>
        </test-method> <!-- testCase06 -->
      </class> <!-- bestBuy.placeOrdeTestCases -->
    </test> <!-- Default test -->
  </suite> <!-- Default suite -->
</testng-results>
