<?xml version="1.0" encoding="UTF-8"?>
<testng-results ignored="0" total="6" passed="6" failed="0" skipped="0">
  <reporter-output>
  </reporter-output>
  <suite started-at="2024-01-08T14:01:55 IST" name="Default suite" finished-at="2024-01-08T14:04:14 IST" duration-ms="138463">
    <groups>
    </groups>
    <test started-at="2024-01-08T14:01:55 IST" name="Default test" finished-at="2024-01-08T14:04:14 IST" duration-ms="138463">
      <class name="bestBuy.placeOrdeTestCases">
        <test-method is-config="true" signature="basicConfig()[pri:0, instance:bestBuy.placeOrdeTestCases@7b98f307]" started-at="2024-01-08T14:01:55 IST" name="basicConfig" finished-at="2024-01-08T14:02:05 IST" duration-ms="9280" status="PASS">
          <reporter-output>
          </reporter-output>
        </test-method> <!-- basicConfig -->
        <test-method signature="testCase01()[pri:0, instance:bestBuy.placeOrdeTestCases@7b98f307]" started-at="2024-01-08T14:02:05 IST" name="testCase01" finished-at="2024-01-08T14:02:11 IST" duration-ms="6091" status="PASS">
          <reporter-output>
          </reporter-output>
        </test-method> <!-- testCase01 -->
        <test-method signature="testCase02()[pri:0, instance:bestBuy.placeOrdeTestCases@7b98f307]" started-at="2024-01-08T14:02:11 IST" name="testCase02" finished-at="2024-01-08T14:02:31 IST" duration-ms="19902" status="PASS">
          <reporter-output>
          </reporter-output>
        </test-method> <!-- testCase02 -->
        <test-method signature="testCase03()[pri:0, instance:bestBuy.placeOrdeTestCases@7b98f307]" started-at="2024-01-08T14:02:31 IST" name="testCase03" finished-at="2024-01-08T14:02:37 IST" duration-ms="6041" status="PASS">
          <reporter-output>
          </reporter-output>
        </test-method> <!-- testCase03 -->
        <test-method signature="testCase04()[pri:0, instance:bestBuy.placeOrdeTestCases@7b98f307]" started-at="2024-01-08T14:02:37 IST" name="testCase04" finished-at="2024-01-08T14:03:51 IST" duration-ms="74303" status="PASS">
          <reporter-output>
          </reporter-output>
        </test-method> <!-- testCase04 -->
        <test-method signature="testCase05()[pri:0, instance:bestBuy.placeOrdeTestCases@7b98f307]" started-at="2024-01-08T14:03:51 IST" name="testCase05" finished-at="2024-01-08T14:04:01 IST" duration-ms="9633" status="PASS">
          <reporter-output>
          </reporter-output>
        </test-method> <!-- testCase05 -->
        <test-method signature="testCase06()[pri:0, instance:bestBuy.placeOrdeTestCases@7b98f307]" started-at="2024-01-08T14:04:01 IST" name="testCase06" finished-at="2024-01-08T14:04:14 IST" duration-ms="13068" status="PASS">
          <reporter-output>
          </reporter-output>
        </test-method> <!-- testCase06 -->
      </class> <!-- bestBuy.placeOrdeTestCases -->
    </test> <!-- Default test -->
  </suite> <!-- Default suite -->
</testng-results>
